Arguments: 
  /usr/local/Cellar/node/12.5.0/bin/node /usr/local/Cellar/yarn/1.17.0/libexec/bin/yarn.js start

PATH: 
  /usr/local/bin:/usr/bin:/bin:/usr/sbin:/sbin:/Users/puesto12/Library/Android/sdk/emulator:/Users/puesto12/Library/Android/sdk/tools:/Users/puesto12/Library/Android/sdk/tools/bin:/Users/puesto12/Library/Android/sdk/platform-tools:/Users/puesto12/Library/Android/sdk/emulator:/Users/puesto12/Library/Android/sdk/tools:/Users/puesto12/Library/Android/sdk/tools/bin:/Users/puesto12/Library/Android/sdk/platform-tools

Yarn version: 
  1.17.0

Node version: 
  12.5.0

Platform: 
  darwin x64

Trace: 
  SyntaxError: /Users/puesto12/Documents/DITAR/backend/package.json: Unexpected string in JSON at position 132
      at JSON.parse (<anonymous>)
      at /usr/local/Cellar/yarn/1.17.0/libexec/lib/cli.js:1625:59
      at Generator.next (<anonymous>)
      at step (/usr/local/Cellar/yarn/1.17.0/libexec/lib/cli.js:304:30)
      at /usr/local/Cellar/yarn/1.17.0/libexec/lib/cli.js:315:13

npm manifest: 
  {
    "name": "backend",
    "version": "1.0.0",
    "description": "",
    "main": "app.js",
    "scripts": {
      "start": "node app.js"
      "test": "echo \"Error: no test specified\" && exit 1"
    },
    "author": "",
    "license": "ISC",
    "dependencies": {
      "express": "^4.17.1",
      "morgan": "^1.9.1",
      "pg": "^7.11.0"
    }
  }

yarn manifest: 
  No manifest

Lockfile: 
  No lockfile
